Sun May 12 00:16:05.698 [initandlisten] MongoDB starting : pid=32304 port=27018 dbpath=/data/rs2 32-bit host=domU-12-31-39-0E-31-D2
Sun May 12 00:16:05.698 [initandlisten] 
Sun May 12 00:16:05.698 [initandlisten] ** NOTE: This is a 32 bit MongoDB binary.
Sun May 12 00:16:05.698 [initandlisten] **       32 bit builds are limited to less than 2GB of data (or less with --journal).
Sun May 12 00:16:05.698 [initandlisten] **       Note that journaling defaults to off for 32 bit and is currently off.
Sun May 12 00:16:05.698 [initandlisten] **       See http://dochub.mongodb.org/core/32bit
Sun May 12 00:16:05.699 [initandlisten] 
Sun May 12 00:16:05.699 [initandlisten] db version v2.4.1
Sun May 12 00:16:05.699 [initandlisten] git version: 1560959e9ce11a693be8b4d0d160d633eee75110
Sun May 12 00:16:05.699 [initandlisten] build info: Linux bs-linux32.10gen.cc 2.6.21.7-2.fc8xen #1 SMP Fri Feb 15 12:39:36 EST 2008 i686 BOOST_LIB_VERSION=1_49
Sun May 12 00:16:05.699 [initandlisten] allocator: system
Sun May 12 00:16:05.699 [initandlisten] options: { dbpath: "/data/rs2", fork: true, logpath: "2.log", port: 27018, replSet: "m101", smallfiles: true }
Sun May 12 00:16:05.728 [FileAllocator] allocating new datafile /data/rs2/local.ns, filling with zeroes...
Sun May 12 00:16:05.728 [FileAllocator] creating directory /data/rs2/_tmp
Sun May 12 00:16:05.751 [FileAllocator] done allocating datafile /data/rs2/local.ns, size: 16MB,  took 0.008 secs
Sun May 12 00:16:05.751 [FileAllocator] allocating new datafile /data/rs2/local.0, filling with zeroes...
Sun May 12 00:16:05.758 [FileAllocator] done allocating datafile /data/rs2/local.0, size: 16MB,  took 0.007 secs
Sun May 12 00:16:05.762 [initandlisten] waiting for connections on port 27018
Sun May 12 00:16:05.762 [websvr] admin web console waiting for connections on port 28018
Sun May 12 00:16:05.764 [rsStart] replSet can't get local.system.replset config from self or any seed (EMPTYCONFIG)
Sun May 12 00:16:05.764 [rsStart] replSet info you may need to run replSetInitiate -- rs.initiate() in the shell -- if that is not already done
Sun May 12 00:16:15.764 [rsStart] replSet can't get local.system.replset config from self or any seed (EMPTYCONFIG)
Sun May 12 00:16:25.765 [rsStart] replSet can't get local.system.replset config from self or any seed (EMPTYCONFIG)
Sun May 12 00:16:35.765 [rsStart] replSet can't get local.system.replset config from self or any seed (EMPTYCONFIG)
Sun May 12 00:16:45.765 [rsStart] replSet can't get local.system.replset config from self or any seed (EMPTYCONFIG)
Sun May 12 00:16:55.773 [rsStart] replSet can't get local.system.replset config from self or any seed (EMPTYCONFIG)
Sun May 12 00:17:05.773 [rsStart] replSet can't get local.system.replset config from self or any seed (EMPTYCONFIG)
Sun May 12 00:17:15.773 [rsStart] replSet can't get local.system.replset config from self or any seed (EMPTYCONFIG)
Sun May 12 00:17:25.774 [rsStart] replSet can't get local.system.replset config from self or any seed (EMPTYCONFIG)
Sun May 12 00:17:35.774 [rsStart] replSet can't get local.system.replset config from self or any seed (EMPTYCONFIG)
Sun May 12 00:17:45.774 [rsStart] replSet can't get local.system.replset config from self or any seed (EMPTYCONFIG)
Sun May 12 00:17:55.775 [rsStart] replSet can't get local.system.replset config from self or any seed (EMPTYCONFIG)
Sun May 12 00:18:05.775 [rsStart] replSet can't get local.system.replset config from self or any seed (EMPTYCONFIG)
Sun May 12 00:18:15.775 [rsStart] replSet can't get local.system.replset config from self or any seed (EMPTYCONFIG)
Sun May 12 00:18:25.775 [rsStart] replSet can't get local.system.replset config from self or any seed (EMPTYCONFIG)
Sun May 12 00:18:35.776 [rsStart] replSet can't get local.system.replset config from self or any seed (EMPTYCONFIG)
Sun May 12 00:18:45.776 [rsStart] replSet can't get local.system.replset config from self or any seed (EMPTYCONFIG)
Sun May 12 00:18:55.776 [rsStart] replSet can't get local.system.replset config from self or any seed (EMPTYCONFIG)
Sun May 12 00:19:05.777 [rsStart] replSet can't get local.system.replset config from self or any seed (EMPTYCONFIG)
Sun May 12 00:19:15.777 [rsStart] replSet can't get local.system.replset config from self or any seed (EMPTYCONFIG)
Sun May 12 00:19:25.777 [rsStart] replSet can't get local.system.replset config from self or any seed (EMPTYCONFIG)
Sun May 12 00:19:35.778 [rsStart] replSet can't get local.system.replset config from self or any seed (EMPTYCONFIG)
Sun May 12 00:19:45.778 [rsStart] replSet can't get local.system.replset config from self or any seed (EMPTYCONFIG)
Sun May 12 00:19:55.778 [rsStart] replSet can't get local.system.replset config from self or any seed (EMPTYCONFIG)
Sun May 12 00:20:05.779 [rsStart] replSet can't get local.system.replset config from self or any seed (EMPTYCONFIG)
Sun May 12 00:20:15.779 [rsStart] replSet can't get local.system.replset config from self or any seed (EMPTYCONFIG)
Sun May 12 00:20:25.779 [rsStart] replSet can't get local.system.replset config from self or any seed (EMPTYCONFIG)
Sun May 12 00:20:35.780 [rsStart] replSet can't get local.system.replset config from self or any seed (EMPTYCONFIG)
Sun May 12 00:20:45.780 [rsStart] replSet can't get local.system.replset config from self or any seed (EMPTYCONFIG)
Sun May 12 00:20:55.780 [rsStart] replSet can't get local.system.replset config from self or any seed (EMPTYCONFIG)
Sun May 12 00:21:05.780 [rsStart] replSet can't get local.system.replset config from self or any seed (EMPTYCONFIG)
Sun May 12 00:21:15.781 [rsStart] replSet can't get local.system.replset config from self or any seed (EMPTYCONFIG)
Sun May 12 00:21:25.781 [rsStart] replSet can't get local.system.replset config from self or any seed (EMPTYCONFIG)
Sun May 12 00:21:35.781 [rsStart] replSet can't get local.system.replset config from self or any seed (EMPTYCONFIG)
Sun May 12 00:21:45.782 [rsStart] replSet can't get local.system.replset config from self or any seed (EMPTYCONFIG)
Sun May 12 00:21:55.783 [rsStart] replSet can't get local.system.replset config from self or any seed (EMPTYCONFIG)
Sun May 12 00:22:05.783 [rsStart] replSet can't get local.system.replset config from self or any seed (EMPTYCONFIG)
Sun May 12 00:22:15.783 [rsStart] replSet can't get local.system.replset config from self or any seed (EMPTYCONFIG)
Sun May 12 00:22:25.784 [rsStart] replSet can't get local.system.replset config from self or any seed (EMPTYCONFIG)
Sun May 12 00:22:35.784 [rsStart] replSet can't get local.system.replset config from self or any seed (EMPTYCONFIG)
Sun May 12 00:22:45.784 [rsStart] replSet can't get local.system.replset config from self or any seed (EMPTYCONFIG)
Sun May 12 00:22:55.792 [rsStart] replSet can't get local.system.replset config from self or any seed (EMPTYCONFIG)
Sun May 12 00:23:05.792 [rsStart] replSet can't get local.system.replset config from self or any seed (EMPTYCONFIG)
Sun May 12 00:23:15.792 [rsStart] replSet can't get local.system.replset config from self or any seed (EMPTYCONFIG)
Sun May 12 00:23:25.793 [rsStart] replSet can't get local.system.replset config from self or any seed (EMPTYCONFIG)
Sun May 12 00:23:35.793 [rsStart] replSet can't get local.system.replset config from self or any seed (EMPTYCONFIG)
Sun May 12 00:23:45.793 [rsStart] replSet can't get local.system.replset config from self or any seed (EMPTYCONFIG)
Sun May 12 00:23:55.794 [rsStart] replSet can't get local.system.replset config from self or any seed (EMPTYCONFIG)
Sun May 12 00:24:05.794 [rsStart] replSet can't get local.system.replset config from self or any seed (EMPTYCONFIG)
Sun May 12 00:24:15.794 [rsStart] replSet can't get local.system.replset config from self or any seed (EMPTYCONFIG)
Sun May 12 00:24:25.795 [rsStart] replSet can't get local.system.replset config from self or any seed (EMPTYCONFIG)
Sun May 12 00:24:35.795 [rsStart] replSet can't get local.system.replset config from self or any seed (EMPTYCONFIG)
Sun May 12 00:24:45.795 [rsStart] replSet can't get local.system.replset config from self or any seed (EMPTYCONFIG)
Sun May 12 00:24:55.796 [rsStart] replSet can't get local.system.replset config from self or any seed (EMPTYCONFIG)
Sun May 12 00:25:05.796 [rsStart] replSet can't get local.system.replset config from self or any seed (EMPTYCONFIG)
Sun May 12 00:25:15.796 [rsStart] replSet can't get local.system.replset config from self or any seed (EMPTYCONFIG)
Sun May 12 00:25:25.796 [rsStart] replSet can't get local.system.replset config from self or any seed (EMPTYCONFIG)
Sun May 12 00:25:35.797 [rsStart] replSet can't get local.system.replset config from self or any seed (EMPTYCONFIG)
Sun May 12 00:25:45.797 [rsStart] replSet can't get local.system.replset config from self or any seed (EMPTYCONFIG)
Sun May 12 00:25:55.797 [rsStart] replSet can't get local.system.replset config from self or any seed (EMPTYCONFIG)
Sun May 12 00:26:05.798 [rsStart] replSet can't get local.system.replset config from self or any seed (EMPTYCONFIG)
Sun May 12 00:26:15.798 [rsStart] replSet can't get local.system.replset config from self or any seed (EMPTYCONFIG)
Sun May 12 00:26:25.798 [rsStart] replSet can't get local.system.replset config from self or any seed (EMPTYCONFIG)
Sun May 12 00:26:35.799 [rsStart] replSet can't get local.system.replset config from self or any seed (EMPTYCONFIG)
Sun May 12 00:26:45.799 [rsStart] replSet can't get local.system.replset config from self or any seed (EMPTYCONFIG)
Sun May 12 00:26:55.799 [rsStart] replSet can't get local.system.replset config from self or any seed (EMPTYCONFIG)
Sun May 12 00:27:05.800 [rsStart] replSet can't get local.system.replset config from self or any seed (EMPTYCONFIG)
Sun May 12 00:27:15.800 [rsStart] replSet can't get local.system.replset config from self or any seed (EMPTYCONFIG)
Sun May 12 00:27:25.800 [rsStart] replSet can't get local.system.replset config from self or any seed (EMPTYCONFIG)
Sun May 12 00:27:35.800 [rsStart] replSet can't get local.system.replset config from self or any seed (EMPTYCONFIG)
Sun May 12 00:27:45.801 [rsStart] replSet can't get local.system.replset config from self or any seed (EMPTYCONFIG)
Sun May 12 00:27:55.801 [rsStart] replSet can't get local.system.replset config from self or any seed (EMPTYCONFIG)
Sun May 12 00:28:05.801 [rsStart] replSet can't get local.system.replset config from self or any seed (EMPTYCONFIG)
Sun May 12 00:28:15.802 [rsStart] replSet can't get local.system.replset config from self or any seed (EMPTYCONFIG)
Sun May 12 00:28:25.802 [rsStart] replSet can't get local.system.replset config from self or any seed (EMPTYCONFIG)
Sun May 12 00:28:35.802 [rsStart] replSet can't get local.system.replset config from self or any seed (EMPTYCONFIG)
Sun May 12 00:28:45.803 [rsStart] replSet can't get local.system.replset config from self or any seed (EMPTYCONFIG)
Sun May 12 00:28:55.803 [rsStart] replSet can't get local.system.replset config from self or any seed (EMPTYCONFIG)
Sun May 12 00:29:05.803 [rsStart] replSet can't get local.system.replset config from self or any seed (EMPTYCONFIG)
Sun May 12 00:29:15.803 [rsStart] replSet can't get local.system.replset config from self or any seed (EMPTYCONFIG)
Sun May 12 00:29:25.804 [rsStart] replSet can't get local.system.replset config from self or any seed (EMPTYCONFIG)
Sun May 12 00:29:35.804 [rsStart] replSet can't get local.system.replset config from self or any seed (EMPTYCONFIG)
Sun May 12 00:29:45.804 [rsStart] replSet can't get local.system.replset config from self or any seed (EMPTYCONFIG)
Sun May 12 00:29:55.805 [rsStart] replSet can't get local.system.replset config from self or any seed (EMPTYCONFIG)
Sun May 12 00:30:05.805 [rsStart] replSet can't get local.system.replset config from self or any seed (EMPTYCONFIG)
Sun May 12 00:30:15.805 [rsStart] replSet can't get local.system.replset config from self or any seed (EMPTYCONFIG)
Sun May 12 00:30:25.806 [rsStart] replSet can't get local.system.replset config from self or any seed (EMPTYCONFIG)
Sun May 12 00:30:35.806 [rsStart] replSet can't get local.system.replset config from self or any seed (EMPTYCONFIG)
Sun May 12 00:30:45.806 [rsStart] replSet can't get local.system.replset config from self or any seed (EMPTYCONFIG)
Sun May 12 00:30:55.807 [rsStart] replSet can't get local.system.replset config from self or any seed (EMPTYCONFIG)
Sun May 12 00:31:05.807 [rsStart] replSet can't get local.system.replset config from self or any seed (EMPTYCONFIG)
Sun May 12 00:31:15.807 [rsStart] replSet can't get local.system.replset config from self or any seed (EMPTYCONFIG)
Sun May 12 00:31:25.807 [rsStart] replSet can't get local.system.replset config from self or any seed (EMPTYCONFIG)
Sun May 12 00:31:35.808 [rsStart] replSet can't get local.system.replset config from self or any seed (EMPTYCONFIG)
Sun May 12 00:31:45.808 [rsStart] replSet can't get local.system.replset config from self or any seed (EMPTYCONFIG)
Sun May 12 00:31:55.808 [rsStart] replSet can't get local.system.replset config from self or any seed (EMPTYCONFIG)
Sun May 12 00:32:05.809 [rsStart] replSet can't get local.system.replset config from self or any seed (EMPTYCONFIG)
Sun May 12 00:32:15.809 [rsStart] replSet can't get local.system.replset config from self or any seed (EMPTYCONFIG)
Sun May 12 00:32:25.809 [rsStart] replSet can't get local.system.replset config from self or any seed (EMPTYCONFIG)
Sun May 12 00:32:35.810 [rsStart] replSet can't get local.system.replset config from self or any seed (EMPTYCONFIG)
Sun May 12 00:32:45.810 [rsStart] replSet can't get local.system.replset config from self or any seed (EMPTYCONFIG)
Sun May 12 00:32:55.810 [rsStart] replSet can't get local.system.replset config from self or any seed (EMPTYCONFIG)
Sun May 12 00:33:05.811 [rsStart] replSet can't get local.system.replset config from self or any seed (EMPTYCONFIG)
Sun May 12 00:33:15.811 [rsStart] replSet can't get local.system.replset config from self or any seed (EMPTYCONFIG)
Sun May 12 00:33:25.811 [rsStart] replSet can't get local.system.replset config from self or any seed (EMPTYCONFIG)
Sun May 12 00:33:35.812 [rsStart] replSet can't get local.system.replset config from self or any seed (EMPTYCONFIG)
Sun May 12 00:33:45.812 [rsStart] replSet can't get local.system.replset config from self or any seed (EMPTYCONFIG)
Sun May 12 00:33:55.812 [rsStart] replSet can't get local.system.replset config from self or any seed (EMPTYCONFIG)
Sun May 12 00:34:05.813 [rsStart] replSet can't get local.system.replset config from self or any seed (EMPTYCONFIG)
Sun May 12 00:34:15.813 [rsStart] replSet can't get local.system.replset config from self or any seed (EMPTYCONFIG)
Sun May 12 00:34:25.813 [rsStart] replSet can't get local.system.replset config from self or any seed (EMPTYCONFIG)
Sun May 12 00:34:35.813 [rsStart] replSet can't get local.system.replset config from self or any seed (EMPTYCONFIG)
Sun May 12 00:34:45.814 [rsStart] replSet can't get local.system.replset config from self or any seed (EMPTYCONFIG)
Sun May 12 00:34:55.814 [rsStart] replSet can't get local.system.replset config from self or any seed (EMPTYCONFIG)
Sun May 12 00:35:05.814 [rsStart] replSet can't get local.system.replset config from self or any seed (EMPTYCONFIG)
Sun May 12 00:35:15.815 [rsStart] replSet can't get local.system.replset config from self or any seed (EMPTYCONFIG)
Sun May 12 00:35:25.815 [rsStart] replSet can't get local.system.replset config from self or any seed (EMPTYCONFIG)
Sun May 12 00:35:35.815 [rsStart] replSet can't get local.system.replset config from self or any seed (EMPTYCONFIG)
Sun May 12 00:35:45.816 [rsStart] replSet can't get local.system.replset config from self or any seed (EMPTYCONFIG)
Sun May 12 00:35:55.816 [rsStart] replSet can't get local.system.replset config from self or any seed (EMPTYCONFIG)
Sun May 12 00:36:05.816 [rsStart] replSet can't get local.system.replset config from self or any seed (EMPTYCONFIG)
Sun May 12 00:36:15.817 [rsStart] replSet can't get local.system.replset config from self or any seed (EMPTYCONFIG)
Sun May 12 00:36:25.817 [rsStart] replSet can't get local.system.replset config from self or any seed (EMPTYCONFIG)
Sun May 12 00:36:35.817 [rsStart] replSet can't get local.system.replset config from self or any seed (EMPTYCONFIG)
Sun May 12 00:36:45.817 [rsStart] replSet can't get local.system.replset config from self or any seed (EMPTYCONFIG)
Sun May 12 00:36:55.818 [rsStart] replSet can't get local.system.replset config from self or any seed (EMPTYCONFIG)
Sun May 12 00:37:05.818 [rsStart] replSet can't get local.system.replset config from self or any seed (EMPTYCONFIG)
Sun May 12 00:37:15.818 [rsStart] replSet can't get local.system.replset config from self or any seed (EMPTYCONFIG)
Sun May 12 00:37:25.819 [rsStart] replSet can't get local.system.replset config from self or any seed (EMPTYCONFIG)
Sun May 12 00:37:35.819 [rsStart] replSet can't get local.system.replset config from self or any seed (EMPTYCONFIG)
Sun May 12 00:37:45.819 [rsStart] replSet can't get local.system.replset config from self or any seed (EMPTYCONFIG)
Sun May 12 00:37:55.820 [rsStart] replSet can't get local.system.replset config from self or any seed (EMPTYCONFIG)
Sun May 12 00:38:05.820 [rsStart] replSet can't get local.system.replset config from self or any seed (EMPTYCONFIG)
Sun May 12 00:38:15.820 [rsStart] replSet can't get local.system.replset config from self or any seed (EMPTYCONFIG)
Sun May 12 00:38:25.821 [rsStart] replSet can't get local.system.replset config from self or any seed (EMPTYCONFIG)
Sun May 12 00:38:35.821 [rsStart] replSet can't get local.system.replset config from self or any seed (EMPTYCONFIG)
Sun May 12 00:38:45.821 [rsStart] replSet can't get local.system.replset config from self or any seed (EMPTYCONFIG)
Sun May 12 00:38:55.821 [rsStart] replSet can't get local.system.replset config from self or any seed (EMPTYCONFIG)
Sun May 12 00:39:05.822 [rsStart] replSet can't get local.system.replset config from self or any seed (EMPTYCONFIG)
Sun May 12 00:39:15.822 [rsStart] replSet can't get local.system.replset config from self or any seed (EMPTYCONFIG)
Sun May 12 00:39:25.822 [rsStart] replSet can't get local.system.replset config from self or any seed (EMPTYCONFIG)
Sun May 12 00:39:35.823 [rsStart] replSet can't get local.system.replset config from self or any seed (EMPTYCONFIG)
Sun May 12 00:39:45.823 [rsStart] replSet can't get local.system.replset config from self or any seed (EMPTYCONFIG)
Sun May 12 00:39:55.823 [rsStart] replSet can't get local.system.replset config from self or any seed (EMPTYCONFIG)
Sun May 12 00:40:05.824 [rsStart] replSet can't get local.system.replset config from self or any seed (EMPTYCONFIG)
Sun May 12 00:40:15.824 [rsStart] replSet can't get local.system.replset config from self or any seed (EMPTYCONFIG)
Sun May 12 00:40:25.824 [rsStart] replSet can't get local.system.replset config from self or any seed (EMPTYCONFIG)
Sun May 12 00:40:35.825 [rsStart] replSet can't get local.system.replset config from self or any seed (EMPTYCONFIG)
Sun May 12 00:40:45.825 [rsStart] replSet can't get local.system.replset config from self or any seed (EMPTYCONFIG)
Sun May 12 00:40:55.825 [rsStart] replSet can't get local.system.replset config from self or any seed (EMPTYCONFIG)
Sun May 12 00:41:05.825 [rsStart] replSet can't get local.system.replset config from self or any seed (EMPTYCONFIG)
Sun May 12 00:41:15.826 [rsStart] replSet can't get local.system.replset config from self or any seed (EMPTYCONFIG)
Sun May 12 00:41:25.826 [rsStart] replSet can't get local.system.replset config from self or any seed (EMPTYCONFIG)
Sun May 12 00:41:35.826 [rsStart] replSet can't get local.system.replset config from self or any seed (EMPTYCONFIG)
Sun May 12 00:41:45.827 [rsStart] replSet can't get local.system.replset config from self or any seed (EMPTYCONFIG)
Sun May 12 00:41:55.827 [rsStart] replSet can't get local.system.replset config from self or any seed (EMPTYCONFIG)
Sun May 12 00:42:05.827 [rsStart] replSet can't get local.system.replset config from self or any seed (EMPTYCONFIG)
Sun May 12 00:42:15.828 [rsStart] replSet can't get local.system.replset config from self or any seed (EMPTYCONFIG)
Sun May 12 00:42:25.828 [rsStart] replSet can't get local.system.replset config from self or any seed (EMPTYCONFIG)
Sun May 12 00:42:35.829 [rsStart] replSet can't get local.system.replset config from self or any seed (EMPTYCONFIG)
Sun May 12 00:42:45.829 [rsStart] replSet can't get local.system.replset config from self or any seed (EMPTYCONFIG)
Sun May 12 00:42:55.829 [rsStart] replSet can't get local.system.replset config from self or any seed (EMPTYCONFIG)
Sun May 12 00:43:05.829 [rsStart] replSet can't get local.system.replset config from self or any seed (EMPTYCONFIG)
Sun May 12 00:43:15.830 [rsStart] replSet can't get local.system.replset config from self or any seed (EMPTYCONFIG)
Sun May 12 00:43:25.830 [rsStart] replSet can't get local.system.replset config from self or any seed (EMPTYCONFIG)
Sun May 12 00:43:35.830 [rsStart] replSet can't get local.system.replset config from self or any seed (EMPTYCONFIG)
Sun May 12 00:43:45.831 [rsStart] replSet can't get local.system.replset config from self or any seed (EMPTYCONFIG)
Sun May 12 00:43:55.831 [rsStart] replSet can't get local.system.replset config from self or any seed (EMPTYCONFIG)
Sun May 12 00:44:05.831 [rsStart] replSet can't get local.system.replset config from self or any seed (EMPTYCONFIG)
Sun May 12 00:44:15.832 [rsStart] replSet can't get local.system.replset config from self or any seed (EMPTYCONFIG)
Sun May 12 00:44:25.832 [rsStart] replSet can't get local.system.replset config from self or any seed (EMPTYCONFIG)
Sun May 12 00:44:35.832 [rsStart] replSet can't get local.system.replset config from self or any seed (EMPTYCONFIG)
Sun May 12 00:44:45.833 [rsStart] replSet can't get local.system.replset config from self or any seed (EMPTYCONFIG)
Sun May 12 00:44:55.833 [rsStart] replSet can't get local.system.replset config from self or any seed (EMPTYCONFIG)
Sun May 12 00:45:05.833 [rsStart] replSet can't get local.system.replset config from self or any seed (EMPTYCONFIG)
Sun May 12 00:45:15.833 [rsStart] replSet can't get local.system.replset config from self or any seed (EMPTYCONFIG)
Sun May 12 00:45:25.834 [rsStart] replSet can't get local.system.replset config from self or any seed (EMPTYCONFIG)
Sun May 12 00:45:35.834 [rsStart] replSet can't get local.system.replset config from self or any seed (EMPTYCONFIG)
Sun May 12 00:45:45.834 [rsStart] replSet can't get local.system.replset config from self or any seed (EMPTYCONFIG)
Sun May 12 00:45:55.835 [rsStart] replSet can't get local.system.replset config from self or any seed (EMPTYCONFIG)
Sun May 12 00:46:05.835 [rsStart] replSet can't get local.system.replset config from self or any seed (EMPTYCONFIG)
Sun May 12 00:46:15.835 [rsStart] replSet can't get local.system.replset config from self or any seed (EMPTYCONFIG)
Sun May 12 00:46:25.836 [rsStart] replSet can't get local.system.replset config from self or any seed (EMPTYCONFIG)
Sun May 12 00:46:35.836 [rsStart] replSet can't get local.system.replset config from self or any seed (EMPTYCONFIG)
Sun May 12 00:46:45.836 [rsStart] replSet can't get local.system.replset config from self or any seed (EMPTYCONFIG)
Sun May 12 00:46:55.836 [rsStart] replSet can't get local.system.replset config from self or any seed (EMPTYCONFIG)
Sun May 12 00:47:05.837 [rsStart] replSet can't get local.system.replset config from self or any seed (EMPTYCONFIG)
Sun May 12 00:47:15.837 [rsStart] replSet can't get local.system.replset config from self or any seed (EMPTYCONFIG)
Sun May 12 00:47:25.837 [rsStart] replSet can't get local.system.replset config from self or any seed (EMPTYCONFIG)
Sun May 12 00:47:35.838 [rsStart] replSet can't get local.system.replset config from self or any seed (EMPTYCONFIG)
Sun May 12 00:47:45.838 [rsStart] replSet can't get local.system.replset config from self or any seed (EMPTYCONFIG)
Sun May 12 00:47:55.838 [rsStart] replSet can't get local.system.replset config from self or any seed (EMPTYCONFIG)
Sun May 12 00:48:05.839 [rsStart] replSet can't get local.system.replset config from self or any seed (EMPTYCONFIG)
Sun May 12 00:48:15.839 [rsStart] replSet can't get local.system.replset config from self or any seed (EMPTYCONFIG)
Sun May 12 00:48:25.839 [rsStart] replSet can't get local.system.replset config from self or any seed (EMPTYCONFIG)
Sun May 12 00:48:35.839 [rsStart] replSet can't get local.system.replset config from self or any seed (EMPTYCONFIG)
Sun May 12 00:48:45.840 [rsStart] replSet can't get local.system.replset config from self or any seed (EMPTYCONFIG)
Sun May 12 00:48:55.840 [rsStart] replSet can't get local.system.replset config from self or any seed (EMPTYCONFIG)
Sun May 12 00:49:05.840 [rsStart] replSet can't get local.system.replset config from self or any seed (EMPTYCONFIG)
Sun May 12 00:49:15.841 [rsStart] replSet can't get local.system.replset config from self or any seed (EMPTYCONFIG)
Sun May 12 00:49:25.841 [rsStart] replSet can't get local.system.replset config from self or any seed (EMPTYCONFIG)
Sun May 12 00:49:35.841 [rsStart] replSet can't get local.system.replset config from self or any seed (EMPTYCONFIG)
Sun May 12 00:49:45.842 [rsStart] replSet can't get local.system.replset config from self or any seed (EMPTYCONFIG)
Sun May 12 00:49:55.842 [rsStart] replSet can't get local.system.replset config from self or any seed (EMPTYCONFIG)
Sun May 12 00:50:05.842 [rsStart] replSet can't get local.system.replset config from self or any seed (EMPTYCONFIG)
Sun May 12 00:50:15.842 [rsStart] replSet can't get local.system.replset config from self or any seed (EMPTYCONFIG)
Sun May 12 00:50:25.843 [rsStart] replSet can't get local.system.replset config from self or any seed (EMPTYCONFIG)
Sun May 12 00:50:35.843 [rsStart] replSet can't get local.system.replset config from self or any seed (EMPTYCONFIG)
Sun May 12 00:50:45.843 [rsStart] replSet can't get local.system.replset config from self or any seed (EMPTYCONFIG)
Sun May 12 00:50:55.844 [rsStart] replSet can't get local.system.replset config from self or any seed (EMPTYCONFIG)
Sun May 12 00:51:05.844 [rsStart] replSet can't get local.system.replset config from self or any seed (EMPTYCONFIG)
Sun May 12 00:51:15.844 [rsStart] replSet can't get local.system.replset config from self or any seed (EMPTYCONFIG)
Sun May 12 00:51:25.844 [rsStart] replSet can't get local.system.replset config from self or any seed (EMPTYCONFIG)
Sun May 12 00:51:35.845 [rsStart] replSet can't get local.system.replset config from self or any seed (EMPTYCONFIG)
Sun May 12 00:51:45.845 [rsStart] replSet can't get local.system.replset config from self or any seed (EMPTYCONFIG)
Sun May 12 00:51:55.845 [rsStart] replSet can't get local.system.replset config from self or any seed (EMPTYCONFIG)
Sun May 12 00:52:05.846 [rsStart] replSet can't get local.system.replset config from self or any seed (EMPTYCONFIG)
Sun May 12 00:52:15.846 [rsStart] replSet can't get local.system.replset config from self or any seed (EMPTYCONFIG)
Sun May 12 00:52:25.846 [rsStart] replSet can't get local.system.replset config from self or any seed (EMPTYCONFIG)
Sun May 12 00:52:35.847 [rsStart] replSet can't get local.system.replset config from self or any seed (EMPTYCONFIG)
Sun May 12 00:52:45.847 [rsStart] replSet can't get local.system.replset config from self or any seed (EMPTYCONFIG)
Sun May 12 00:52:55.847 [rsStart] replSet can't get local.system.replset config from self or any seed (EMPTYCONFIG)
Sun May 12 00:53:05.848 [rsStart] replSet can't get local.system.replset config from self or any seed (EMPTYCONFIG)
Sun May 12 00:53:15.848 [rsStart] replSet can't get local.system.replset config from self or any seed (EMPTYCONFIG)
Sun May 12 00:53:25.848 [rsStart] replSet can't get local.system.replset config from self or any seed (EMPTYCONFIG)
Sun May 12 00:53:35.849 [rsStart] replSet can't get local.system.replset config from self or any seed (EMPTYCONFIG)
Sun May 12 00:53:45.849 [rsStart] replSet can't get local.system.replset config from self or any seed (EMPTYCONFIG)
Sun May 12 00:53:55.849 [rsStart] replSet can't get local.system.replset config from self or any seed (EMPTYCONFIG)
Sun May 12 00:54:05.849 [rsStart] replSet can't get local.system.replset config from self or any seed (EMPTYCONFIG)
Sun May 12 00:54:15.850 [rsStart] replSet can't get local.system.replset config from self or any seed (EMPTYCONFIG)
Sun May 12 00:54:25.850 [rsStart] replSet can't get local.system.replset config from self or any seed (EMPTYCONFIG)
Sun May 12 00:54:35.850 [rsStart] replSet can't get local.system.replset config from self or any seed (EMPTYCONFIG)
Sun May 12 00:54:45.851 [rsStart] replSet can't get local.system.replset config from self or any seed (EMPTYCONFIG)
Sun May 12 00:54:55.851 [rsStart] replSet can't get local.system.replset config from self or any seed (EMPTYCONFIG)
Sun May 12 00:55:05.851 [rsStart] replSet can't get local.system.replset config from self or any seed (EMPTYCONFIG)
Sun May 12 00:55:15.852 [rsStart] replSet can't get local.system.replset config from self or any seed (EMPTYCONFIG)
Sun May 12 00:55:25.852 [rsStart] replSet can't get local.system.replset config from self or any seed (EMPTYCONFIG)
Sun May 12 00:55:35.852 [rsStart] replSet can't get local.system.replset config from self or any seed (EMPTYCONFIG)
Sun May 12 00:55:45.853 [rsStart] replSet can't get local.system.replset config from self or any seed (EMPTYCONFIG)
Sun May 12 00:55:55.853 [rsStart] replSet can't get local.system.replset config from self or any seed (EMPTYCONFIG)
Sun May 12 00:56:05.853 [rsStart] replSet can't get local.system.replset config from self or any seed (EMPTYCONFIG)
Sun May 12 00:56:15.853 [rsStart] replSet can't get local.system.replset config from self or any seed (EMPTYCONFIG)
Sun May 12 00:56:25.854 [rsStart] replSet can't get local.system.replset config from self or any seed (EMPTYCONFIG)
Sun May 12 00:56:35.854 [rsStart] replSet can't get local.system.replset config from self or any seed (EMPTYCONFIG)
Sun May 12 00:56:45.854 [rsStart] replSet can't get local.system.replset config from self or any seed (EMPTYCONFIG)
Sun May 12 00:56:55.855 [rsStart] replSet can't get local.system.replset config from self or any seed (EMPTYCONFIG)
Sun May 12 00:57:05.855 [rsStart] replSet can't get local.system.replset config from self or any seed (EMPTYCONFIG)
Sun May 12 00:57:15.855 [rsStart] replSet can't get local.system.replset config from self or any seed (EMPTYCONFIG)
Sun May 12 00:57:25.856 [rsStart] replSet can't get local.system.replset config from self or any seed (EMPTYCONFIG)
Sun May 12 00:57:35.856 [rsStart] replSet can't get local.system.replset config from self or any seed (EMPTYCONFIG)
Sun May 12 00:57:45.856 [rsStart] replSet can't get local.system.replset config from self or any seed (EMPTYCONFIG)
Sun May 12 00:57:55.857 [rsStart] replSet can't get local.system.replset config from self or any seed (EMPTYCONFIG)
Sun May 12 00:58:05.857 [rsStart] replSet can't get local.system.replset config from self or any seed (EMPTYCONFIG)
Sun May 12 00:58:15.857 [rsStart] replSet can't get local.system.replset config from self or any seed (EMPTYCONFIG)
Sun May 12 00:58:25.858 [rsStart] replSet can't get local.system.replset config from self or any seed (EMPTYCONFIG)
Sun May 12 00:58:35.858 [rsStart] replSet can't get local.system.replset config from self or any seed (EMPTYCONFIG)
Sun May 12 00:58:45.858 [rsStart] replSet can't get local.system.replset config from self or any seed (EMPTYCONFIG)
Sun May 12 00:58:55.859 [rsStart] replSet can't get local.system.replset config from self or any seed (EMPTYCONFIG)
Sun May 12 00:59:05.859 [rsStart] replSet can't get local.system.replset config from self or any seed (EMPTYCONFIG)
Sun May 12 00:59:15.859 [rsStart] replSet can't get local.system.replset config from self or any seed (EMPTYCONFIG)
Sun May 12 00:59:25.859 [rsStart] replSet can't get local.system.replset config from self or any seed (EMPTYCONFIG)
Sun May 12 00:59:35.860 [rsStart] replSet can't get local.system.replset config from self or any seed (EMPTYCONFIG)
Sun May 12 00:59:45.860 [rsStart] replSet can't get local.system.replset config from self or any seed (EMPTYCONFIG)
Sun May 12 00:59:55.860 [rsStart] replSet can't get local.system.replset config from self or any seed (EMPTYCONFIG)
Sun May 12 01:00:05.861 [rsStart] replSet can't get local.system.replset config from self or any seed (EMPTYCONFIG)
Sun May 12 01:00:15.861 [rsStart] replSet can't get local.system.replset config from self or any seed (EMPTYCONFIG)
Sun May 12 01:00:25.861 [rsStart] replSet can't get local.system.replset config from self or any seed (EMPTYCONFIG)
Sun May 12 01:00:35.861 [rsStart] replSet can't get local.system.replset config from self or any seed (EMPTYCONFIG)
Sun May 12 01:00:45.862 [rsStart] replSet can't get local.system.replset config from self or any seed (EMPTYCONFIG)
Sun May 12 01:00:55.862 [rsStart] replSet can't get local.system.replset config from self or any seed (EMPTYCONFIG)
Sun May 12 01:01:05.862 [rsStart] replSet can't get local.system.replset config from self or any seed (EMPTYCONFIG)
Sun May 12 01:01:15.863 [rsStart] replSet can't get local.system.replset config from self or any seed (EMPTYCONFIG)
Sun May 12 01:01:25.863 [rsStart] replSet can't get local.system.replset config from self or any seed (EMPTYCONFIG)
Sun May 12 01:01:35.863 [rsStart] replSet can't get local.system.replset config from self or any seed (EMPTYCONFIG)
Sun May 12 01:01:45.864 [rsStart] replSet can't get local.system.replset config from self or any seed (EMPTYCONFIG)
Sun May 12 01:01:55.864 [rsStart] replSet can't get local.system.replset config from self or any seed (EMPTYCONFIG)
Sun May 12 01:02:05.864 [rsStart] replSet can't get local.system.replset config from self or any seed (EMPTYCONFIG)
Sun May 12 01:02:15.865 [rsStart] replSet can't get local.system.replset config from self or any seed (EMPTYCONFIG)
Sun May 12 01:02:25.865 [rsStart] replSet can't get local.system.replset config from self or any seed (EMPTYCONFIG)
Sun May 12 01:02:35.865 [rsStart] replSet can't get local.system.replset config from self or any seed (EMPTYCONFIG)
Sun May 12 01:02:45.865 [rsStart] replSet can't get local.system.replset config from self or any seed (EMPTYCONFIG)
Sun May 12 01:02:55.866 [rsStart] replSet can't get local.system.replset config from self or any seed (EMPTYCONFIG)
Sun May 12 01:03:05.866 [rsStart] replSet can't get local.system.replset config from self or any seed (EMPTYCONFIG)
Sun May 12 01:03:15.867 [rsStart] replSet can't get local.system.replset config from self or any seed (EMPTYCONFIG)
Sun May 12 01:03:25.867 [rsStart] replSet can't get local.system.replset config from self or any seed (EMPTYCONFIG)
Sun May 12 01:03:35.867 [rsStart] replSet can't get local.system.replset config from self or any seed (EMPTYCONFIG)
Sun May 12 01:03:45.867 [rsStart] replSet can't get local.system.replset config from self or any seed (EMPTYCONFIG)
Sun May 12 01:03:55.868 [rsStart] replSet can't get local.system.replset config from self or any seed (EMPTYCONFIG)
Sun May 12 01:04:05.868 [rsStart] replSet can't get local.system.replset config from self or any seed (EMPTYCONFIG)
Sun May 12 01:04:15.868 [rsStart] replSet can't get local.system.replset config from self or any seed (EMPTYCONFIG)
Sun May 12 01:04:25.869 [rsStart] replSet can't get local.system.replset config from self or any seed (EMPTYCONFIG)
Sun May 12 01:04:35.869 [rsStart] replSet can't get local.system.replset config from self or any seed (EMPTYCONFIG)
Sun May 12 01:04:45.869 [rsStart] replSet can't get local.system.replset config from self or any seed (EMPTYCONFIG)
Sun May 12 01:04:55.870 [rsStart] replSet can't get local.system.replset config from self or any seed (EMPTYCONFIG)
Sun May 12 01:05:05.870 [rsStart] replSet can't get local.system.replset config from self or any seed (EMPTYCONFIG)
Sun May 12 01:05:15.870 [rsStart] replSet can't get local.system.replset config from self or any seed (EMPTYCONFIG)
Sun May 12 01:05:25.870 [rsStart] replSet can't get local.system.replset config from self or any seed (EMPTYCONFIG)
Sun May 12 01:05:35.871 [rsStart] replSet can't get local.system.replset config from self or any seed (EMPTYCONFIG)
Sun May 12 01:05:45.871 [rsStart] replSet can't get local.system.replset config from self or any seed (EMPTYCONFIG)
Sun May 12 01:05:55.871 [rsStart] replSet can't get local.system.replset config from self or any seed (EMPTYCONFIG)
Sun May 12 01:06:05.872 [rsStart] replSet can't get local.system.replset config from self or any seed (EMPTYCONFIG)
Sun May 12 01:06:15.872 [rsStart] replSet can't get local.system.replset config from self or any seed (EMPTYCONFIG)
Sun May 12 01:06:25.872 [rsStart] replSet can't get local.system.replset config from self or any seed (EMPTYCONFIG)
Sun May 12 01:06:35.873 [rsStart] replSet can't get local.system.replset config from self or any seed (EMPTYCONFIG)
Sun May 12 01:06:45.873 [rsStart] replSet can't get local.system.replset config from self or any seed (EMPTYCONFIG)
Sun May 12 01:06:55.873 [rsStart] replSet can't get local.system.replset config from self or any seed (EMPTYCONFIG)
Sun May 12 01:07:05.873 [rsStart] replSet can't get local.system.replset config from self or any seed (EMPTYCONFIG)
Sun May 12 01:07:15.874 [rsStart] replSet can't get local.system.replset config from self or any seed (EMPTYCONFIG)
Sun May 12 01:07:25.874 [rsStart] replSet can't get local.system.replset config from self or any seed (EMPTYCONFIG)
Sun May 12 01:07:35.874 [rsStart] replSet can't get local.system.replset config from self or any seed (EMPTYCONFIG)
Sun May 12 01:07:45.875 [rsStart] replSet can't get local.system.replset config from self or any seed (EMPTYCONFIG)
Sun May 12 01:07:55.875 [rsStart] replSet can't get local.system.replset config from self or any seed (EMPTYCONFIG)
Sun May 12 01:08:05.875 [rsStart] replSet can't get local.system.replset config from self or any seed (EMPTYCONFIG)
Sun May 12 01:08:15.876 [rsStart] replSet can't get local.system.replset config from self or any seed (EMPTYCONFIG)
Sun May 12 01:08:25.876 [rsStart] replSet can't get local.system.replset config from self or any seed (EMPTYCONFIG)
Sun May 12 01:08:35.876 [rsStart] replSet can't get local.system.replset config from self or any seed (EMPTYCONFIG)
Sun May 12 01:08:45.877 [rsStart] replSet can't get local.system.replset config from self or any seed (EMPTYCONFIG)
Sun May 12 01:08:55.877 [rsStart] replSet can't get local.system.replset config from self or any seed (EMPTYCONFIG)
Sun May 12 01:09:05.877 [rsStart] replSet can't get local.system.replset config from self or any seed (EMPTYCONFIG)
Sun May 12 01:09:15.877 [rsStart] replSet can't get local.system.replset config from self or any seed (EMPTYCONFIG)
Sun May 12 01:09:25.878 [rsStart] replSet can't get local.system.replset config from self or any seed (EMPTYCONFIG)
Sun May 12 01:09:35.878 [rsStart] replSet can't get local.system.replset config from self or any seed (EMPTYCONFIG)
Sun May 12 01:09:45.878 [rsStart] replSet can't get local.system.replset config from self or any seed (EMPTYCONFIG)
Sun May 12 01:09:55.879 [rsStart] replSet can't get local.system.replset config from self or any seed (EMPTYCONFIG)
Sun May 12 01:10:05.879 [rsStart] replSet can't get local.system.replset config from self or any seed (EMPTYCONFIG)
Sun May 12 01:10:15.879 [rsStart] replSet can't get local.system.replset config from self or any seed (EMPTYCONFIG)
Sun May 12 01:10:25.879 [rsStart] replSet can't get local.system.replset config from self or any seed (EMPTYCONFIG)
Sun May 12 01:10:35.880 [rsStart] replSet can't get local.system.replset config from self or any seed (EMPTYCONFIG)
Sun May 12 01:10:45.880 [rsStart] replSet can't get local.system.replset config from self or any seed (EMPTYCONFIG)
Sun May 12 01:10:55.880 [rsStart] replSet can't get local.system.replset config from self or any seed (EMPTYCONFIG)
Sun May 12 01:11:05.881 [rsStart] replSet can't get local.system.replset config from self or any seed (EMPTYCONFIG)
Sun May 12 01:11:15.881 [rsStart] replSet can't get local.system.replset config from self or any seed (EMPTYCONFIG)
Sun May 12 01:11:25.881 [rsStart] replSet can't get local.system.replset config from self or any seed (EMPTYCONFIG)
Sun May 12 01:11:35.882 [rsStart] replSet can't get local.system.replset config from self or any seed (EMPTYCONFIG)
Sun May 12 01:11:45.882 [rsStart] replSet can't get local.system.replset config from self or any seed (EMPTYCONFIG)
Sun May 12 01:11:55.882 [rsStart] replSet can't get local.system.replset config from self or any seed (EMPTYCONFIG)
Sun May 12 01:12:05.882 [rsStart] replSet can't get local.system.replset config from self or any seed (EMPTYCONFIG)
Sun May 12 01:12:15.883 [rsStart] replSet can't get local.system.replset config from self or any seed (EMPTYCONFIG)
Sun May 12 01:12:25.883 [rsStart] replSet can't get local.system.replset config from self or any seed (EMPTYCONFIG)
Sun May 12 01:12:35.883 [rsStart] replSet can't get local.system.replset config from self or any seed (EMPTYCONFIG)
Sun May 12 01:12:45.884 [rsStart] replSet can't get local.system.replset config from self or any seed (EMPTYCONFIG)
Sun May 12 01:12:55.884 [rsStart] replSet can't get local.system.replset config from self or any seed (EMPTYCONFIG)
Sun May 12 01:13:05.884 [rsStart] replSet can't get local.system.replset config from self or any seed (EMPTYCONFIG)
Sun May 12 01:13:15.885 [rsStart] replSet can't get local.system.replset config from self or any seed (EMPTYCONFIG)
Sun May 12 01:13:25.885 [rsStart] replSet can't get local.system.replset config from self or any seed (EMPTYCONFIG)
Sun May 12 01:13:35.885 [rsStart] replSet can't get local.system.replset config from self or any seed (EMPTYCONFIG)
Sun May 12 01:13:45.886 [rsStart] replSet can't get local.system.replset config from self or any seed (EMPTYCONFIG)
Sun May 12 01:13:55.886 [rsStart] replSet can't get local.system.replset config from self or any seed (EMPTYCONFIG)
Sun May 12 01:14:05.886 [rsStart] replSet can't get local.system.replset config from self or any seed (EMPTYCONFIG)
Sun May 12 01:14:15.887 [rsStart] replSet can't get local.system.replset config from self or any seed (EMPTYCONFIG)
Sun May 12 01:14:25.887 [rsStart] replSet can't get local.system.replset config from self or any seed (EMPTYCONFIG)
Sun May 12 01:14:35.887 [rsStart] replSet can't get local.system.replset config from self or any seed (EMPTYCONFIG)
Sun May 12 01:14:45.888 [rsStart] replSet can't get local.system.replset config from self or any seed (EMPTYCONFIG)
Sun May 12 01:14:55.888 [rsStart] replSet can't get local.system.replset config from self or any seed (EMPTYCONFIG)
Sun May 12 01:15:05.888 [rsStart] replSet can't get local.system.replset config from self or any seed (EMPTYCONFIG)
Sun May 12 01:15:15.888 [rsStart] replSet can't get local.system.replset config from self or any seed (EMPTYCONFIG)
Sun May 12 01:15:25.889 [rsStart] replSet can't get local.system.replset config from self or any seed (EMPTYCONFIG)
Sun May 12 01:15:35.889 [rsStart] replSet can't get local.system.replset config from self or any seed (EMPTYCONFIG)
Sun May 12 01:15:45.889 [rsStart] replSet can't get local.system.replset config from self or any seed (EMPTYCONFIG)
Sun May 12 01:15:55.890 [rsStart] replSet can't get local.system.replset config from self or any seed (EMPTYCONFIG)
Sun May 12 01:16:05.890 [rsStart] replSet can't get local.system.replset config from self or any seed (EMPTYCONFIG)
Sun May 12 01:16:15.897 [rsStart] replSet can't get local.system.replset config from self or any seed (EMPTYCONFIG)
Sun May 12 01:16:25.898 [rsStart] replSet can't get local.system.replset config from self or any seed (EMPTYCONFIG)
Sun May 12 01:16:35.898 [rsStart] replSet can't get local.system.replset config from self or any seed (EMPTYCONFIG)
Sun May 12 01:16:45.898 [rsStart] replSet can't get local.system.replset config from self or any seed (EMPTYCONFIG)
Sun May 12 01:16:55.898 [rsStart] replSet can't get local.system.replset config from self or any seed (EMPTYCONFIG)
Sun May 12 01:17:05.899 [rsStart] replSet can't get local.system.replset config from self or any seed (EMPTYCONFIG)
Sun May 12 01:17:15.899 [rsStart] replSet can't get local.system.replset config from self or any seed (EMPTYCONFIG)
Sun May 12 01:17:25.899 [rsStart] replSet can't get local.system.replset config from self or any seed (EMPTYCONFIG)
Sun May 12 01:17:35.900 [rsStart] replSet can't get local.system.replset config from self or any seed (EMPTYCONFIG)
Sun May 12 01:17:45.900 [rsStart] replSet can't get local.system.replset config from self or any seed (EMPTYCONFIG)
Sun May 12 01:17:55.900 [rsStart] replSet can't get local.system.replset config from self or any seed (EMPTYCONFIG)
Sun May 12 01:18:05.901 [rsStart] replSet can't get local.system.replset config from self or any seed (EMPTYCONFIG)
Sun May 12 01:18:15.901 [rsStart] replSet can't get local.system.replset config from self or any seed (EMPTYCONFIG)
Sun May 12 01:18:25.901 [rsStart] replSet can't get local.system.replset config from self or any seed (EMPTYCONFIG)
Sun May 12 01:18:35.902 [rsStart] replSet can't get local.system.replset config from self or any seed (EMPTYCONFIG)
Sun May 12 01:18:45.902 [rsStart] replSet can't get local.system.replset config from self or any seed (EMPTYCONFIG)
Sun May 12 01:18:55.902 [rsStart] replSet can't get local.system.replset config from self or any seed (EMPTYCONFIG)
Sun May 12 01:19:05.903 [rsStart] replSet can't get local.system.replset config from self or any seed (EMPTYCONFIG)
Sun May 12 01:19:15.903 [rsStart] replSet can't get local.system.replset config from self or any seed (EMPTYCONFIG)
Sun May 12 01:19:25.903 [rsStart] replSet can't get local.system.replset config from self or any seed (EMPTYCONFIG)
Sun May 12 01:19:35.904 [rsStart] replSet can't get local.system.replset config from self or any seed (EMPTYCONFIG)
Sun May 12 01:19:45.904 [rsStart] replSet can't get local.system.replset config from self or any seed (EMPTYCONFIG)
Sun May 12 01:19:55.904 [rsStart] replSet can't get local.system.replset config from self or any seed (EMPTYCONFIG)
Sun May 12 01:20:05.904 [rsStart] replSet can't get local.system.replset config from self or any seed (EMPTYCONFIG)
Sun May 12 01:20:15.905 [rsStart] replSet can't get local.system.replset config from self or any seed (EMPTYCONFIG)
Sun May 12 01:20:25.905 [rsStart] replSet can't get local.system.replset config from self or any seed (EMPTYCONFIG)
Sun May 12 01:20:35.905 [rsStart] replSet can't get local.system.replset config from self or any seed (EMPTYCONFIG)
Sun May 12 01:20:45.906 [rsStart] replSet can't get local.system.replset config from self or any seed (EMPTYCONFIG)
Sun May 12 01:20:55.906 [rsStart] replSet can't get local.system.replset config from self or any seed (EMPTYCONFIG)
Sun May 12 01:21:05.906 [rsStart] replSet can't get local.system.replset config from self or any seed (EMPTYCONFIG)
Sun May 12 01:21:15.907 [rsStart] replSet can't get local.system.replset config from self or any seed (EMPTYCONFIG)
Sun May 12 01:21:25.907 [rsStart] replSet can't get local.system.replset config from self or any seed (EMPTYCONFIG)
Sun May 12 01:21:35.907 [rsStart] replSet can't get local.system.replset config from self or any seed (EMPTYCONFIG)
Sun May 12 01:21:45.908 [rsStart] replSet can't get local.system.replset config from self or any seed (EMPTYCONFIG)
Sun May 12 01:21:55.908 [rsStart] replSet can't get local.system.replset config from self or any seed (EMPTYCONFIG)
Sun May 12 01:22:05.908 [rsStart] replSet can't get local.system.replset config from self or any seed (EMPTYCONFIG)
Sun May 12 01:22:15.908 [rsStart] replSet can't get local.system.replset config from self or any seed (EMPTYCONFIG)
Sun May 12 01:22:25.909 [rsStart] replSet can't get local.system.replset config from self or any seed (EMPTYCONFIG)
Sun May 12 01:22:35.909 [rsStart] replSet can't get local.system.replset config from self or any seed (EMPTYCONFIG)
Sun May 12 01:22:45.909 [rsStart] replSet can't get local.system.replset config from self or any seed (EMPTYCONFIG)
Sun May 12 01:22:55.910 [rsStart] replSet can't get local.system.replset config from self or any seed (EMPTYCONFIG)
Sun May 12 01:23:05.910 [rsStart] replSet can't get local.system.replset config from self or any seed (EMPTYCONFIG)
Sun May 12 01:23:15.910 [rsStart] replSet can't get local.system.replset config from self or any seed (EMPTYCONFIG)
Sun May 12 01:23:25.911 [rsStart] replSet can't get local.system.replset config from self or any seed (EMPTYCONFIG)
Sun May 12 01:23:35.911 [rsStart] replSet can't get local.system.replset config from self or any seed (EMPTYCONFIG)
Sun May 12 01:23:45.911 [rsStart] replSet can't get local.system.replset config from self or any seed (EMPTYCONFIG)
Sun May 12 01:23:55.912 [rsStart] replSet can't get local.system.replset config from self or any seed (EMPTYCONFIG)
Sun May 12 01:24:05.912 [rsStart] replSet can't get local.system.replset config from self or any seed (EMPTYCONFIG)
Sun May 12 01:24:15.912 [rsStart] replSet can't get local.system.replset config from self or any seed (EMPTYCONFIG)
Sun May 12 01:24:25.913 [rsStart] replSet can't get local.system.replset config from self or any seed (EMPTYCONFIG)
Sun May 12 01:24:35.913 [rsStart] replSet can't get local.system.replset config from self or any seed (EMPTYCONFIG)
Sun May 12 01:24:45.913 [rsStart] replSet can't get local.system.replset config from self or any seed (EMPTYCONFIG)
Sun May 12 01:24:55.914 [rsStart] replSet can't get local.system.replset config from self or any seed (EMPTYCONFIG)
Sun May 12 01:25:05.914 [rsStart] replSet can't get local.system.replset config from self or any seed (EMPTYCONFIG)
Sun May 12 01:25:15.914 [rsStart] replSet can't get local.system.replset config from self or any seed (EMPTYCONFIG)
Sun May 12 01:25:25.914 [rsStart] replSet can't get local.system.replset config from self or any seed (EMPTYCONFIG)
Sun May 12 01:25:35.915 [rsStart] replSet can't get local.system.replset config from self or any seed (EMPTYCONFIG)
Sun May 12 01:25:45.915 [rsStart] replSet can't get local.system.replset config from self or any seed (EMPTYCONFIG)
Sun May 12 01:25:55.915 [rsStart] replSet can't get local.system.replset config from self or any seed (EMPTYCONFIG)
Sun May 12 01:26:05.916 [rsStart] replSet can't get local.system.replset config from self or any seed (EMPTYCONFIG)
Sun May 12 01:26:15.916 [rsStart] replSet can't get local.system.replset config from self or any seed (EMPTYCONFIG)
Sun May 12 01:26:25.916 [rsStart] replSet can't get local.system.replset config from self or any seed (EMPTYCONFIG)
Sun May 12 01:26:35.917 [rsStart] replSet can't get local.system.replset config from self or any seed (EMPTYCONFIG)
Sun May 12 01:26:45.917 [rsStart] replSet can't get local.system.replset config from self or any seed (EMPTYCONFIG)
Sun May 12 01:26:55.917 [rsStart] replSet can't get local.system.replset config from self or any seed (EMPTYCONFIG)
Sun May 12 01:27:05.917 [rsStart] replSet can't get local.system.replset config from self or any seed (EMPTYCONFIG)
Sun May 12 01:27:15.918 [rsStart] replSet can't get local.system.replset config from self or any seed (EMPTYCONFIG)
Sun May 12 01:27:25.918 [rsStart] replSet can't get local.system.replset config from self or any seed (EMPTYCONFIG)
Sun May 12 01:27:35.918 [rsStart] replSet can't get local.system.replset config from self or any seed (EMPTYCONFIG)
Sun May 12 01:27:45.919 [rsStart] replSet can't get local.system.replset config from self or any seed (EMPTYCONFIG)
Sun May 12 01:27:55.919 [rsStart] replSet can't get local.system.replset config from self or any seed (EMPTYCONFIG)
Sun May 12 01:28:05.919 [rsStart] replSet can't get local.system.replset config from self or any seed (EMPTYCONFIG)
Sun May 12 01:28:15.920 [rsStart] replSet can't get local.system.replset config from self or any seed (EMPTYCONFIG)
Sun May 12 01:28:25.920 [rsStart] replSet can't get local.system.replset config from self or any seed (EMPTYCONFIG)
Sun May 12 01:28:35.920 [rsStart] replSet can't get local.system.replset config from self or any seed (EMPTYCONFIG)
Sun May 12 01:28:45.921 [rsStart] replSet can't get local.system.replset config from self or any seed (EMPTYCONFIG)
Sun May 12 01:28:55.921 [rsStart] replSet can't get local.system.replset config from self or any seed (EMPTYCONFIG)
Sun May 12 01:29:05.921 [rsStart] replSet can't get local.system.replset config from self or any seed (EMPTYCONFIG)
Sun May 12 01:29:15.921 [rsStart] replSet can't get local.system.replset config from self or any seed (EMPTYCONFIG)
Sun May 12 01:29:25.922 [rsStart] replSet can't get local.system.replset config from self or any seed (EMPTYCONFIG)
Sun May 12 01:29:35.922 [rsStart] replSet can't get local.system.replset config from self or any seed (EMPTYCONFIG)
Sun May 12 01:29:45.922 [rsStart] replSet can't get local.system.replset config from self or any seed (EMPTYCONFIG)
